{"level":"info","msg":"27 \u003cnil\u003e","time":"2024-07-20T10:10:30+07:00"}
{"level":"error","msg":"parsing time \"\" as \"2006-01-02T15:04:05Z07:00\": cannot parse \"\" as \"2006\"","time":"2024-07-20T10:10:30+07:00"}
{"level":"info","msg":"18 \u003cnil\u003e","time":"2024-07-20T10:10:30+07:00"}
{"level":"info","msg":"27 \u003cnil\u003e","time":"2024-07-20T10:11:37+07:00"}
{"level":"error","msg":"parsing time \"2024-07-20T10:10:30\" as \"2006-01-02T15:04:05Z07:00\": cannot parse \"\" as \"Z07:00\"","time":"2024-07-20T10:11:37+07:00"}
{"level":"info","msg":"18 \u003cnil\u003e","time":"2024-07-20T10:11:37+07:00"}
{"level":"info","msg":"27 \u003cnil\u003e","time":"2024-07-20T10:11:55+07:00"}
{"level":"error","msg":"parsing time \"2024-07-20T10:10:30Z07:00\": extra text: \"07:00\"","time":"2024-07-20T10:11:55+07:00"}
{"level":"info","msg":"18 \u003cnil\u003e","time":"2024-07-20T10:11:55+07:00"}
{"level":"info","msg":"27 \u003cnil\u003e","time":"2024-07-20T10:12:27+07:00"}
{"level":"error","msg":"error creating a task","time":"2024-07-20T10:12:27+07:00"}
{"level":"info","msg":"18 \u003cnil\u003e","time":"2024-07-20T10:12:27+07:00"}
{"level":"info","msg":"27 \u003cnil\u003e","time":"2024-07-20T10:18:12+07:00"}
{"level":"error","msg":"error creating a task","time":"2024-07-20T10:18:12+07:00"}
{"level":"info","msg":"18 \u003cnil\u003e","time":"2024-07-20T10:18:12+07:00"}
{"level":"info","msg":"27 \u003cnil\u003e","time":"2024-07-20T10:20:39+07:00"}
{"level":"error","msg":"error creating a task","time":"2024-07-20T10:20:39+07:00"}
{"level":"info","msg":"18 \u003cnil\u003e","time":"2024-07-20T10:20:39+07:00"}
{"level":"info","msg":"27 \u003cnil\u003e","time":"2024-07-20T10:21:07+07:00"}
{"level":"error","msg":"error creating a task","time":"2024-07-20T10:21:07+07:00"}
{"level":"info","msg":"18 \u003cnil\u003e","time":"2024-07-20T10:21:07+07:00"}
{"level":"info","msg":"27 \u003cnil\u003e","time":"2024-07-20T10:22:08+07:00"}
{"level":"error","msg":"error creating a task","time":"2024-07-20T10:22:08+07:00"}
{"level":"info","msg":"18 \u003cnil\u003e","time":"2024-07-20T10:22:08+07:00"}
{"level":"info","msg":"27 \u003cnil\u003e","time":"2024-07-20T10:23:57+07:00"}
{"level":"error","msg":"error creating a task","time":"2024-07-20T10:27:33+07:00"}
{"level":"info","msg":"18 \u003cnil\u003e","time":"2024-07-20T10:27:33+07:00"}
{"level":"info","msg":"27 \u003cnil\u003e","time":"2024-07-20T10:31:32+07:00"}
{"level":"info","msg":"24 \u003cnil\u003e","time":"2024-07-20T10:31:51+07:00"}
{"level":"info","msg":"18 \u003cnil\u003e","time":"2024-07-20T10:31:51+07:00"}
{"level":"info","msg":"27 \u003cnil\u003e","time":"2024-07-20T10:35:36+07:00"}
{"level":"info","msg":"24 \u003cnil\u003e","time":"2024-07-20T10:35:47+07:00"}
{"level":"info","msg":"18 \u003cnil\u003e","time":"2024-07-20T10:35:47+07:00"}
{"level":"info","msg":"26 \u003cnil\u003e","time":"2024-07-20T10:38:46+07:00"}
{"level":"info","msg":"22 \u003cnil\u003e","time":"2024-07-20T10:38:46+07:00"}
{"level":"info","msg":"17 \u003cnil\u003e","time":"2024-07-20T10:38:46+07:00"}
{"level":"info","msg":"32 \u003cnil\u003e","time":"2024-07-20T10:40:02+07:00"}
{"level":"info","msg":"28 \u003cnil\u003e","time":"2024-07-20T10:40:02+07:00"}
{"level":"info","msg":"23 \u003cnil\u003e","time":"2024-07-20T10:40:02+07:00"}
{"level":"info","msg":"27 \u003cnil\u003e","time":"2024-07-20T10:43:12+07:00"}
{"level":"info","msg":"24 \u003cnil\u003e","time":"2024-07-20T10:43:12+07:00"}
{"level":"info","msg":"18 \u003cnil\u003e","time":"2024-07-20T10:43:12+07:00"}
{"level":"info","msg":"32 \u003cnil\u003e","time":"2024-07-20T10:43:27+07:00"}
{"level":"info","msg":"28 \u003cnil\u003e","time":"2024-07-20T10:43:27+07:00"}
{"level":"info","msg":"23 \u003cnil\u003e","time":"2024-07-20T10:43:27+07:00"}
{"level":"info","msg":"26 \u003cnil\u003e","time":"2024-07-20T10:44:04+07:00"}
{"level":"info","msg":"22 \u003cnil\u003e","time":"2024-07-20T10:44:04+07:00"}
{"level":"info","msg":"17 \u003cnil\u003e","time":"2024-07-20T10:44:04+07:00"}
{"level":"info","msg":"27 \u003cnil\u003e","time":"2024-07-20T10:44:49+07:00"}
{"level":"info","msg":"27 \u003cnil\u003e","time":"2024-07-20T10:46:26+07:00"}
{"level":"info","msg":"24 \u003cnil\u003e","time":"2024-07-20T10:46:33+07:00"}
{"level":"info","msg":"18 \u003cnil\u003e","time":"2024-07-20T10:46:33+07:00"}
{"level":"info","msg":"26 \u003cnil\u003e","time":"2024-07-20T10:46:44+07:00"}
{"level":"info","msg":"22 \u003cnil\u003e","time":"2024-07-20T10:46:44+07:00"}
{"level":"info","msg":"17 \u003cnil\u003e","time":"2024-07-20T10:46:44+07:00"}
{"level":"info","msg":"27 \u003cnil\u003e","time":"2024-07-20T10:48:35+07:00"}
{"level":"error","msg":"task not updated","time":"2024-07-20T10:48:35+07:00"}
{"level":"info","msg":"18 \u003cnil\u003e","time":"2024-07-20T10:48:35+07:00"}
{"level":"info","msg":"27 \u003cnil\u003e","time":"2024-07-20T12:25:45+07:00"}
{"level":"info","msg":"24 \u003cnil\u003e","time":"2024-07-20T12:25:45+07:00"}
{"level":"info","msg":"18 \u003cnil\u003e","time":"2024-07-20T12:25:45+07:00"}
{"level":"info","msg":"26 \u003cnil\u003e","time":"2024-07-20T12:25:53+07:00"}
{"level":"info","msg":"22 \u003cnil\u003e","time":"2024-07-20T12:25:53+07:00"}
{"level":"info","msg":"17 \u003cnil\u003e","time":"2024-07-20T12:25:53+07:00"}
{"level":"info","msg":"32 \u003cnil\u003e","time":"2024-07-20T12:26:25+07:00"}
{"level":"info","msg":"28 \u003cnil\u003e","time":"2024-07-20T12:26:25+07:00"}
{"level":"info","msg":"23 \u003cnil\u003e","time":"2024-07-20T12:26:25+07:00"}
{"level":"info","msg":"27 \u003cnil\u003e","time":"2024-07-20T12:26:39+07:00"}
{"level":"info","msg":"24 \u003cnil\u003e","time":"2024-07-20T12:26:39+07:00"}
{"level":"info","msg":"18 \u003cnil\u003e","time":"2024-07-20T12:26:39+07:00"}
{"level":"info","msg":"26 \u003cnil\u003e","time":"2024-07-20T12:26:48+07:00"}
{"level":"info","msg":"22 \u003cnil\u003e","time":"2024-07-20T12:26:48+07:00"}
{"level":"info","msg":"17 \u003cnil\u003e","time":"2024-07-20T12:26:48+07:00"}
{"level":"info","msg":"32 \u003cnil\u003e","time":"2024-07-20T12:27:01+07:00"}
{"level":"info","msg":"28 \u003cnil\u003e","time":"2024-07-20T12:27:01+07:00"}
{"level":"info","msg":"23 \u003cnil\u003e","time":"2024-07-20T12:27:01+07:00"}
{"level":"info","msg":"27 \u003cnil\u003e","time":"2024-07-20T12:27:21+07:00"}
{"level":"info","msg":"24 \u003cnil\u003e","time":"2024-07-20T12:27:21+07:00"}
{"level":"info","msg":"18 \u003cnil\u003e","time":"2024-07-20T12:27:21+07:00"}
{"level":"info","msg":"26 \u003cnil\u003e","time":"2024-07-20T12:27:33+07:00"}
{"level":"info","msg":"22 \u003cnil\u003e","time":"2024-07-20T12:27:33+07:00"}
{"level":"info","msg":"17 \u003cnil\u003e","time":"2024-07-20T12:27:33+07:00"}
{"level":"info","msg":"27 \u003cnil\u003e","time":"2024-07-20T12:28:30+07:00"}
{"level":"info","msg":"24 \u003cnil\u003e","time":"2024-07-20T12:28:48+07:00"}
{"level":"info","msg":"18 \u003cnil\u003e","time":"2024-07-20T12:28:48+07:00"}
{"level":"info","msg":"27 \u003cnil\u003e","time":"2024-07-20T12:29:19+07:00"}
{"level":"info","msg":"24 \u003cnil\u003e","time":"2024-07-20T12:29:47+07:00"}
{"level":"info","msg":"18 \u003cnil\u003e","time":"2024-07-20T12:29:47+07:00"}
{"level":"info","msg":"26 \u003cnil\u003e","time":"2024-07-20T12:29:54+07:00"}
{"level":"info","msg":"22 \u003cnil\u003e","time":"2024-07-20T12:29:54+07:00"}
{"level":"info","msg":"17 \u003cnil\u003e","time":"2024-07-20T12:29:54+07:00"}
{"level":"info","msg":"27 \u003cnil\u003e","time":"2024-07-20T12:30:29+07:00"}
{"level":"info","msg":"24 \u003cnil\u003e","time":"2024-07-20T12:30:38+07:00"}
{"level":"info","msg":"18 \u003cnil\u003e","time":"2024-07-20T12:30:39+07:00"}
{"level":"info","msg":"26 \u003cnil\u003e","time":"2024-07-20T12:30:48+07:00"}
{"level":"info","msg":"22 \u003cnil\u003e","time":"2024-07-20T12:30:48+07:00"}
{"level":"info","msg":"17 \u003cnil\u003e","time":"2024-07-20T12:30:48+07:00"}
{"level":"info","msg":"26 \u003cnil\u003e","time":"2024-07-20T12:50:58+07:00"}
{"level":"info","msg":"22 \u003cnil\u003e","time":"2024-07-20T12:50:58+07:00"}
{"level":"info","msg":"17 \u003cnil\u003e","time":"2024-07-20T12:50:58+07:00"}
{"level":"info","msg":"27 \u003cnil\u003e","time":"2024-07-20T12:51:01+07:00"}
{"level":"info","msg":"24 \u003cnil\u003e","time":"2024-07-20T12:51:01+07:00"}
{"level":"info","msg":"18 \u003cnil\u003e","time":"2024-07-20T12:51:01+07:00"}
{"level":"info","msg":"26 \u003cnil\u003e","time":"2024-07-20T12:51:06+07:00"}
{"level":"info","msg":"22 \u003cnil\u003e","time":"2024-07-20T12:51:06+07:00"}
{"level":"info","msg":"17 \u003cnil\u003e","time":"2024-07-20T12:51:06+07:00"}
{"level":"info","msg":"34 \u003cnil\u003e","time":"2024-07-20T12:51:56+07:00"}
{"level":"info","msg":"25 \u003cnil\u003e","time":"2024-07-20T12:52:10+07:00"}
{"level":"info","msg":"25 \u003cnil\u003e","time":"2024-07-20T12:52:10+07:00"}
{"level":"info","msg":"26 \u003cnil\u003e","time":"2024-07-20T12:52:16+07:00"}
{"level":"info","msg":"22 \u003cnil\u003e","time":"2024-07-20T12:52:16+07:00"}
{"level":"info","msg":"17 \u003cnil\u003e","time":"2024-07-20T12:52:16+07:00"}
{"level":"info","msg":"34 \u003cnil\u003e","time":"2024-07-20T12:52:26+07:00"}
{"level":"error","msg":"status juga_po not found","time":"2024-07-20T12:52:26+07:00"}
{"level":"info","msg":"25 \u003cnil\u003e","time":"2024-07-20T12:52:26+07:00"}
{"level":"info","msg":"26 \u003cnil\u003e","time":"2024-07-20T12:52:32+07:00"}
{"level":"info","msg":"22 \u003cnil\u003e","time":"2024-07-20T12:52:32+07:00"}
{"level":"info","msg":"17 \u003cnil\u003e","time":"2024-07-20T12:52:32+07:00"}
{"level":"info","msg":"26 \u003cnil\u003e","time":"2024-07-20T13:00:24+07:00"}
{"level":"info","msg":"22 \u003cnil\u003e","time":"2024-07-20T13:00:24+07:00"}
{"level":"info","msg":"17 \u003cnil\u003e","time":"2024-07-20T13:00:24+07:00"}
{"level":"info","msg":"26 \u003cnil\u003e","time":"2024-07-20T13:01:13+07:00"}
{"level":"error","msg":"status abc not found","time":"2024-07-20T13:01:13+07:00"}
{"level":"info","msg":"17 \u003cnil\u003e","time":"2024-07-20T13:01:13+07:00"}
{"level":"info","msg":"26 \u003cnil\u003e","time":"2024-07-20T13:09:52+07:00"}
{"level":"info","msg":"17 \u003cnil\u003e","time":"2024-07-20T13:09:52+07:00"}
{"level":"info","msg":"26 \u003cnil\u003e","time":"2024-07-20T13:10:43+07:00"}
{"level":"info","msg":"17 \u003cnil\u003e","time":"2024-07-20T13:11:39+07:00"}
{"level":"info","msg":"26 \u003cnil\u003e","time":"2024-07-20T13:13:01+07:00"}
{"level":"info","msg":"22 \u003cnil\u003e","time":"2024-07-20T13:13:10+07:00"}
{"level":"info","msg":"17 \u003cnil\u003e","time":"2024-07-20T13:13:11+07:00"}
{"level":"info","msg":"26 \u003cnil\u003e","time":"2024-07-20T13:13:32+07:00"}
{"level":"info","msg":"22 \u003cnil\u003e","time":"2024-07-20T13:13:37+07:00"}
{"level":"info","msg":"17 \u003cnil\u003e","time":"2024-07-20T13:13:37+07:00"}
{"level":"info","msg":"26 \u003cnil\u003e","time":"2024-07-20T13:13:46+07:00"}
{"level":"info","msg":"22 \u003cnil\u003e","time":"2024-07-20T13:13:49+07:00"}
{"level":"info","msg":"17 \u003cnil\u003e","time":"2024-07-20T13:13:49+07:00"}
{"level":"info","msg":"26 \u003cnil\u003e","time":"2024-07-20T13:14:03+07:00"}
{"level":"info","msg":"22 \u003cnil\u003e","time":"2024-07-20T13:14:08+07:00"}
{"level":"info","msg":"17 \u003cnil\u003e","time":"2024-07-20T13:14:08+07:00"}
{"level":"info","msg":"26 \u003cnil\u003e","time":"2024-07-20T13:14:17+07:00"}
{"level":"info","msg":"22 \u003cnil\u003e","time":"2024-07-20T13:14:17+07:00"}
{"level":"info","msg":"17 \u003cnil\u003e","time":"2024-07-20T13:14:17+07:00"}
{"level":"info","msg":"26 \u003cnil\u003e","time":"2024-07-20T13:14:28+07:00"}
{"level":"info","msg":"22 \u003cnil\u003e","time":"2024-07-20T13:14:28+07:00"}
{"level":"info","msg":"17 \u003cnil\u003e","time":"2024-07-20T13:14:28+07:00"}
{"level":"info","msg":"26 \u003cnil\u003e","time":"2024-07-20T13:14:37+07:00"}
{"level":"info","msg":"22 \u003cnil\u003e","time":"2024-07-20T13:14:37+07:00"}
{"level":"info","msg":"17 \u003cnil\u003e","time":"2024-07-20T13:14:37+07:00"}
{"level":"info","msg":"26 \u003cnil\u003e","time":"2024-07-20T13:14:43+07:00"}
{"level":"info","msg":"22 \u003cnil\u003e","time":"2024-07-20T13:14:43+07:00"}
{"level":"info","msg":"17 \u003cnil\u003e","time":"2024-07-20T13:14:43+07:00"}
{"level":"info","msg":"26 \u003cnil\u003e","time":"2024-07-20T13:14:53+07:00"}
{"level":"info","msg":"22 \u003cnil\u003e","time":"2024-07-20T13:14:53+07:00"}
{"level":"info","msg":"17 \u003cnil\u003e","time":"2024-07-20T13:14:53+07:00"}
{"level":"info","msg":"27 \u003cnil\u003e","time":"2024-07-20T19:34:28+07:00"}
{"level":"info","msg":"24 \u003cnil\u003e","time":"2024-07-20T19:34:44+07:00"}
{"level":"info","msg":"18 \u003cnil\u003e","time":"2024-07-20T19:34:44+07:00"}
{"level":"info","msg":"34 \u003cnil\u003e","time":"2024-07-20T19:45:12+07:00"}
{"level":"error","msg":"status asd not found","time":"2024-07-20T19:45:12+07:00"}
{"level":"info","msg":"25 \u003cnil\u003e","time":"2024-07-20T19:45:12+07:00"}
{"level":"info","msg":"34 \u003cnil\u003e","time":"2024-07-20T19:45:20+07:00"}
{"level":"info","msg":"25 \u003cnil\u003e","time":"2024-07-20T19:45:20+07:00"}
{"level":"info","msg":"25 \u003cnil\u003e","time":"2024-07-20T19:45:20+07:00"}
